# JRE version: Java(TM) SE Runtime Environment (8.0_211-b12) (build 1.8.0_211-b12)
# Java VM: Java HotSpot(TM) 64-Bit Server VM (25.211-b12 mixed mode windows-amd64 compressed oops)
Heap:
 PSYoungGen      total 76288K, used 31402K [0x000000076b500000, 0x0000000770a00000, 0x00000007c0000000)
  eden space 65536K, 31% used [0x000000076b500000,0x000000076c9324e8,0x000000076f500000)
  from space 10752K, 99% used [0x000000076ff80000,0x00000007709f8380,0x0000000770a00000)
  to   space 10752K, 0% used [0x000000076f500000,0x000000076f500000,0x000000076ff80000)
 ParOldGen       total 175104K, used 305K [0x00000006c1e00000, 0x00000006cc900000, 0x000000076b500000)
  object space 175104K, 0% used [0x00000006c1e00000,0x00000006c1e4c7d0,0x00000006cc900000)
 Metaspace       used 19678K, capacity 20408K, committed 20608K, reserved 1067008K
  class space    used 2423K, capacity 2622K, committed 2688K, reserved 1048576K
GC Heap History (4 events):
Event: 3.404 GC heap before
{Heap before GC invocations=1 (full 0):
 PSYoungGen      total 76288K, used 65536K [0x000000076b500000, 0x0000000770a00000, 0x00000007c0000000)
  eden space 65536K, 100% used [0x000000076b500000,0x000000076f500000,0x000000076f500000)
  from space 10752K, 0% used [0x000000076ff80000,0x000000076ff80000,0x0000000770a00000)
  to   space 10752K, 0% used [0x000000076f500000,0x000000076f500000,0x000000076ff80000)
 ParOldGen       total 175104K, used 0K [0x00000006c1e00000, 0x00000006cc900000, 0x000000076b500000)
  object space 175104K, 0% used [0x00000006c1e00000,0x00000006c1e00000,0x00000006cc900000)
 Metaspace       used 12218K, capacity 12686K, committed 12928K, reserved 1060864K
  class space    used 1500K, capacity 1608K, committed 1664K, reserved 1048576K
Event: 3.418 GC heap after
Heap after GC invocations=1 (full 0):
 PSYoungGen      total 76288K, used 7751K [0x000000076b500000, 0x0000000770a00000, 0x00000007c0000000)
  eden space 65536K, 0% used [0x000000076b500000,0x000000076b500000,0x000000076f500000)
  from space 10752K, 72% used [0x000000076f500000,0x000000076fc91d80,0x000000076ff80000)
  to   space 10752K, 0% used [0x000000076ff80000,0x000000076ff80000,0x0000000770a00000)
 ParOldGen       total 175104K, used 16K [0x00000006c1e00000, 0x00000006cc900000, 0x000000076b500000)
  object space 175104K, 0% used [0x00000006c1e00000,0x00000006c1e04000,0x00000006cc900000)
 Metaspace       used 12218K, capacity 12686K, committed 12928K, reserved 1060864K
  class space    used 1500K, capacity 1608K, committed 1664K, reserved 1048576K
}
Event: 6.106 GC heap before
{Heap before GC invocations=2 (full 0):
 PSYoungGen      total 76288K, used 73287K [0x000000076b500000, 0x0000000770a00000, 0x00000007c0000000)
  eden space 65536K, 100% used [0x000000076b500000,0x000000076f500000,0x000000076f500000)
  from space 10752K, 72% used [0x000000076f500000,0x000000076fc91d80,0x000000076ff80000)
  to   space 10752K, 0% used [0x000000076ff80000,0x000000076ff80000,0x0000000770a00000)
 ParOldGen       total 175104K, used 16K [0x00000006c1e00000, 0x00000006cc900000, 0x000000076b500000)
  object space 175104K, 0% used [0x00000006c1e00000,0x00000006c1e04000,0x00000006cc900000)
 Metaspace       used 19599K, capacity 20340K, committed 20608K, reserved 1067008K
  class space    used 2419K, capacity 2622K, committed 2688K, reserved 1048576K
Event: 6.177 GC heap after
Heap after GC invocations=2 (full 0):
 PSYoungGen      total 76288K, used 10720K [0x000000076b500000, 0x0000000770a00000, 0x00000007c0000000)
  eden space 65536K, 0% used [0x000000076b500000,0x000000076b500000,0x000000076f500000)
  from space 10752K, 99% used [0x000000076ff80000,0x00000007709f8380,0x0000000770a00000)
  to   space 10752K, 0% used [0x000000076f500000,0x000000076f500000,0x000000076ff80000)
 ParOldGen       total 175104K, used 305K [0x00000006c1e00000, 0x00000006cc900000, 0x000000076b500000)
  object space 175104K, 0% used [0x00000006c1e00000,0x00000006c1e4c7d0,0x00000006cc900000)
 Metaspace       used 19599K, capacity 20340K, committed 20608K, reserved 1067008K
  class space    used 2419K, capacity 2622K, committed 2688K, reserved 1048576K
}

