# JRE version: Java(TM) SE Runtime Environment (8.0_211-b12) (build 1.8.0_211-b12)
# Java VM: Java HotSpot(TM) 64-Bit Server VM (25.211-b12 mixed mode windows-amd64 compressed oops)
Heap:
 PSYoungGen      total 124416K, used 82594K [0x000000076b500000, 0x0000000774000000, 0x00000007c0000000)
  eden space 113664K, 72% used [0x000000076b500000,0x00000007705a8990,0x0000000772400000)
  from space 10752K, 0% used [0x0000000773280000,0x0000000773280000,0x0000000773d00000)
  to   space 3072K, 0% used [0x0000000773d00000,0x0000000773d00000,0x0000000774000000)
 ParOldGen       total 192000K, used 15889K [0x00000006c1e00000, 0x00000006cd980000, 0x000000076b500000)
  object space 192000K, 8% used [0x00000006c1e00000,0x00000006c2d84530,0x00000006cd980000)
 Metaspace       used 40059K, capacity 42190K, committed 42328K, reserved 1085440K
  class space    used 5234K, capacity 5627K, committed 5720K, reserved 1048576K
GC Heap History (10 events):
Event: 6.596 GC heap before
{Heap before GC invocations=3 (full 0):
 PSYoungGen      total 76288K, used 50939K [0x000000076b500000, 0x0000000774a00000, 0x00000007c0000000)
  eden space 65536K, 61% used [0x000000076b500000,0x000000076dc40450,0x000000076f500000)
  from space 10752K, 99% used [0x000000076ff80000,0x00000007709fe858,0x0000000770a00000)
  to   space 10752K, 0% used [0x000000076f500000,0x000000076f500000,0x000000076ff80000)
 ParOldGen       total 175104K, used 480K [0x00000006c1e00000, 0x00000006cc900000, 0x000000076b500000)
  object space 175104K, 0% used [0x00000006c1e00000,0x00000006c1e78320,0x00000006cc900000)
 Metaspace       used 20327K, capacity 21110K, committed 21248K, reserved 1067008K
  class space    used 2502K, capacity 2715K, committed 2816K, reserved 1048576K
Event: 6.641 GC heap after
Heap after GC invocations=3 (full 0):
 PSYoungGen      total 76288K, used 8127K [0x000000076b500000, 0x0000000774a00000, 0x00000007c0000000)
  eden space 65536K, 0% used [0x000000076b500000,0x000000076b500000,0x000000076f500000)
  from space 10752K, 75% used [0x000000076f500000,0x000000076fcefd88,0x000000076ff80000)
  to   space 10752K, 0% used [0x0000000773f80000,0x0000000773f80000,0x0000000774a00000)
 ParOldGen       total 175104K, used 488K [0x00000006c1e00000, 0x00000006cc900000, 0x000000076b500000)
  object space 175104K, 0% used [0x00000006c1e00000,0x00000006c1e7a320,0x00000006cc900000)
 Metaspace       used 20327K, capacity 21110K, committed 21248K, reserved 1067008K
  class space    used 2502K, capacity 2715K, committed 2816K, reserved 1048576K
}
Event: 6.641 GC heap before
{Heap before GC invocations=4 (full 1):
 PSYoungGen      total 76288K, used 8127K [0x000000076b500000, 0x0000000774a00000, 0x00000007c0000000)
  eden space 65536K, 0% used [0x000000076b500000,0x000000076b500000,0x000000076f500000)
  from space 10752K, 75% used [0x000000076f500000,0x000000076fcefd88,0x000000076ff80000)
  to   space 10752K, 0% used [0x0000000773f80000,0x0000000773f80000,0x0000000774a00000)
 ParOldGen       total 175104K, used 488K [0x00000006c1e00000, 0x00000006cc900000, 0x000000076b500000)
  object space 175104K, 0% used [0x00000006c1e00000,0x00000006c1e7a320,0x00000006cc900000)
 Metaspace       used 20327K, capacity 21110K, committed 21248K, reserved 1067008K
  class space    used 2502K, capacity 2715K, committed 2816K, reserved 1048576K
Event: 6.861 GC heap after
Heap after GC invocations=4 (full 1):
 PSYoungGen      total 76288K, used 0K [0x000000076b500000, 0x0000000774a00000, 0x00000007c0000000)
  eden space 65536K, 0% used [0x000000076b500000,0x000000076b500000,0x000000076f500000)
  from space 10752K, 0% used [0x000000076f500000,0x000000076f500000,0x000000076ff80000)
  to   space 10752K, 0% used [0x0000000773f80000,0x0000000773f80000,0x0000000774a00000)
 ParOldGen       total 115200K, used 7989K [0x00000006c1e00000, 0x00000006c8e80000, 0x000000076b500000)
  object space 115200K, 6% used [0x00000006c1e00000,0x00000006c25cd5f0,0x00000006c8e80000)
 Metaspace       used 20327K, capacity 21110K, committed 21248K, reserved 1067008K
  class space    used 2502K, capacity 2715K, committed 2816K, reserved 1048576K
}
Event: 10.371 GC heap before
{Heap before GC invocations=5 (full 1):
 PSYoungGen      total 76288K, used 65536K [0x000000076b500000, 0x0000000774a00000, 0x00000007c0000000)
  eden space 65536K, 100% used [0x000000076b500000,0x000000076f500000,0x000000076f500000)
  from space 10752K, 0% used [0x000000076f500000,0x000000076f500000,0x000000076ff80000)
  to   space 10752K, 0% used [0x0000000773f80000,0x0000000773f80000,0x0000000774a00000)
 ParOldGen       total 115200K, used 7989K [0x00000006c1e00000, 0x00000006c8e80000, 0x000000076b500000)
  object space 115200K, 6% used [0x00000006c1e00000,0x00000006c25cd5f0,0x00000006c8e80000)
 Metaspace       used 26936K, capacity 28446K, committed 28544K, reserved 1075200K
  class space    used 3356K, capacity 3637K, committed 3712K, reserved 1048576K
Event: 10.388 GC heap after
Heap after GC invocations=5 (full 1):
 PSYoungGen      total 95744K, used 7822K [0x000000076b500000, 0x0000000774780000, 0x00000007c0000000)
  eden space 87552K, 0% used [0x000000076b500000,0x000000076b500000,0x0000000770a80000)
  from space 8192K, 95% used [0x0000000773f80000,0x0000000774723b58,0x0000000774780000)
  to   space 10752K, 0% used [0x0000000773280000,0x0000000773280000,0x0000000773d00000)
 ParOldGen       total 115200K, used 7997K [0x00000006c1e00000, 0x00000006c8e80000, 0x000000076b500000)
  object space 115200K, 6% used [0x00000006c1e00000,0x00000006c25cf5f0,0x00000006c8e80000)
 Metaspace       used 26936K, capacity 28446K, committed 28544K, reserved 1075200K
  class space    used 3356K, capacity 3637K, committed 3712K, reserved 1048576K
}
Event: 13.624 GC heap before
{Heap before GC invocations=6 (full 1):
 PSYoungGen      total 95744K, used 81905K [0x000000076b500000, 0x0000000774780000, 0x00000007c0000000)
  eden space 87552K, 84% used [0x000000076b500000,0x000000076fd58c20,0x0000000770a80000)
  from space 8192K, 95% used [0x0000000773f80000,0x0000000774723b58,0x0000000774780000)
  to   space 10752K, 0% used [0x0000000773280000,0x0000000773280000,0x0000000773d00000)
 ParOldGen       total 115200K, used 7997K [0x00000006c1e00000, 0x00000006c8e80000, 0x000000076b500000)
  object space 115200K, 6% used [0x00000006c1e00000,0x00000006c25cf5f0,0x00000006c8e80000)
 Metaspace       used 33699K, capacity 35250K, committed 35416K, reserved 1079296K
  class space    used 4304K, capacity 4631K, committed 4696K, reserved 1048576K
Event: 13.646 GC heap after
Heap after GC invocations=6 (full 1):
 PSYoungGen      total 124416K, used 10732K [0x000000076b500000, 0x0000000774000000, 0x00000007c0000000)
  eden space 113664K, 0% used [0x000000076b500000,0x000000076b500000,0x0000000772400000)
  from space 10752K, 99% used [0x0000000773280000,0x0000000773cfb2a0,0x0000000773d00000)
  to   space 3072K, 0% used [0x0000000773d00000,0x0000000773d00000,0x0000000774000000)
 ParOldGen       total 115200K, used 8724K [0x00000006c1e00000, 0x00000006c8e80000, 0x000000076b500000)
  object space 115200K, 7% used [0x00000006c1e00000,0x00000006c26852f8,0x00000006c8e80000)
 Metaspace       used 33699K, capacity 35250K, committed 35416K, reserved 1079296K
  class space    used 4304K, capacity 4631K, committed 4696K, reserved 1048576K
}
Event: 13.646 GC heap before
{Heap before GC invocations=7 (full 2):
 PSYoungGen      total 124416K, used 10732K [0x000000076b500000, 0x0000000774000000, 0x00000007c0000000)
  eden space 113664K, 0% used [0x000000076b500000,0x000000076b500000,0x0000000772400000)
  from space 10752K, 99% used [0x0000000773280000,0x0000000773cfb2a0,0x0000000773d00000)
  to   space 3072K, 0% used [0x0000000773d00000,0x0000000773d00000,0x0000000774000000)
 ParOldGen       total 115200K, used 8724K [0x00000006c1e00000, 0x00000006c8e80000, 0x000000076b500000)
  object space 115200K, 7% used [0x00000006c1e00000,0x00000006c26852f8,0x00000006c8e80000)
 Metaspace       used 33699K, capacity 35250K, committed 35416K, reserved 1079296K
  class space    used 4304K, capacity 4631K, committed 4696K, reserved 1048576K
Event: 13.763 GC heap after
Heap after GC invocations=7 (full 2):
 PSYoungGen      total 124416K, used 0K [0x000000076b500000, 0x0000000774000000, 0x00000007c0000000)
  eden space 113664K, 0% used [0x000000076b500000,0x000000076b500000,0x0000000772400000)
  from space 10752K, 0% used [0x0000000773280000,0x0000000773280000,0x0000000773d00000)
  to   space 3072K, 0% used [0x0000000773d00000,0x0000000773d00000,0x0000000774000000)
 ParOldGen       total 192000K, used 15889K [0x00000006c1e00000, 0x00000006cd980000, 0x000000076b500000)
  object space 192000K, 8% used [0x00000006c1e00000,0x00000006c2d84530,0x00000006cd980000)
 Metaspace       used 33699K, capacity 35250K, committed 35416K, reserved 1079296K
  class space    used 4304K, capacity 4631K, committed 4696K, reserved 1048576K
}

