# JRE version: Java(TM) SE Runtime Environment (8.0_211-b12) (build 1.8.0_211-b12)
# Java VM: Java HotSpot(TM) 64-Bit Server VM (25.211-b12 mixed mode windows-amd64 compressed oops)
Heap:
 PSYoungGen      total 111104K, used 50875K [0x000000076b500000, 0x0000000773680000, 0x00000007c0000000)
  eden space 98304K, 51% used [0x000000076b500000,0x000000076e6aee20,0x0000000771500000)
  from space 12800K, 0% used [0x0000000772100000,0x0000000772100000,0x0000000772d80000)
  to   space 12288K, 0% used [0x0000000771500000,0x0000000771500000,0x0000000772100000)
 ParOldGen       total 100352K, used 12087K [0x00000006c1e00000, 0x00000006c8000000, 0x000000076b500000)
  object space 100352K, 12% used [0x00000006c1e00000,0x00000006c29cdfd8,0x00000006c8000000)
 Metaspace       used 37941K, capacity 39934K, committed 40152K, reserved 1083392K
  class space    used 4907K, capacity 5283K, committed 5336K, reserved 1048576K
GC Heap History (10 events):
Event: 6.653 GC heap before
{Heap before GC invocations=4 (full 1):
 PSYoungGen      total 76288K, used 8135K [0x000000076b500000, 0x0000000770a00000, 0x00000007c0000000)
  eden space 65536K, 0% used [0x000000076b500000,0x000000076b500000,0x000000076f500000)
  from space 10752K, 75% used [0x000000076f500000,0x000000076fcf1da0,0x000000076ff80000)
  to   space 10752K, 0% used [0x000000076ff80000,0x000000076ff80000,0x0000000770a00000)
 ParOldGen       total 175104K, used 597K [0x00000006c1e00000, 0x00000006cc900000, 0x000000076b500000)
  object space 175104K, 0% used [0x00000006c1e00000,0x00000006c1e95468,0x00000006cc900000)
 Metaspace       used 20320K, capacity 21094K, committed 21248K, reserved 1067008K
  class space    used 2503K, capacity 2715K, committed 2816K, reserved 1048576K
Event: 6.746 GC heap after
Heap after GC invocations=4 (full 1):
 PSYoungGen      total 76288K, used 0K [0x000000076b500000, 0x0000000770a00000, 0x00000007c0000000)
  eden space 65536K, 0% used [0x000000076b500000,0x000000076b500000,0x000000076f500000)
  from space 10752K, 0% used [0x000000076f500000,0x000000076f500000,0x000000076ff80000)
  to   space 10752K, 0% used [0x000000076ff80000,0x000000076ff80000,0x0000000770a00000)
 ParOldGen       total 100352K, used 7991K [0x00000006c1e00000, 0x00000006c8000000, 0x000000076b500000)
  object space 100352K, 7% used [0x00000006c1e00000,0x00000006c25cdc18,0x00000006c8000000)
 Metaspace       used 20320K, capacity 21094K, committed 21248K, reserved 1067008K
  class space    used 2503K, capacity 2715K, committed 2816K, reserved 1048576K
}
Event: 10.869 GC heap before
{Heap before GC invocations=5 (full 1):
 PSYoungGen      total 76288K, used 65536K [0x000000076b500000, 0x0000000770a00000, 0x00000007c0000000)
  eden space 65536K, 100% used [0x000000076b500000,0x000000076f500000,0x000000076f500000)
  from space 10752K, 0% used [0x000000076f500000,0x000000076f500000,0x000000076ff80000)
  to   space 10752K, 0% used [0x000000076ff80000,0x000000076ff80000,0x0000000770a00000)
 ParOldGen       total 100352K, used 7991K [0x00000006c1e00000, 0x00000006c8000000, 0x000000076b500000)
  object space 100352K, 7% used [0x00000006c1e00000,0x00000006c25cdc18,0x00000006c8000000)
 Metaspace       used 26942K, capacity 28426K, committed 28544K, reserved 1075200K
  class space    used 3356K, capacity 3637K, committed 3712K, reserved 1048576K
Event: 10.879 GC heap after
Heap after GC invocations=5 (full 1):
 PSYoungGen      total 76288K, used 7878K [0x000000076b500000, 0x0000000770a00000, 0x00000007c0000000)
  eden space 65536K, 0% used [0x000000076b500000,0x000000076b500000,0x000000076f500000)
  from space 10752K, 73% used [0x000000076ff80000,0x0000000770731988,0x0000000770a00000)
  to   space 10752K, 0% used [0x000000076f500000,0x000000076f500000,0x000000076ff80000)
 ParOldGen       total 100352K, used 7999K [0x00000006c1e00000, 0x00000006c8000000, 0x000000076b500000)
  object space 100352K, 7% used [0x00000006c1e00000,0x00000006c25cfc18,0x00000006c8000000)
 Metaspace       used 26942K, capacity 28426K, committed 28544K, reserved 1075200K
  class space    used 3356K, capacity 3637K, committed 3712K, reserved 1048576K
}
Event: 13.903 GC heap before
{Heap before GC invocations=6 (full 1):
 PSYoungGen      total 76288K, used 73414K [0x000000076b500000, 0x0000000770a00000, 0x00000007c0000000)
  eden space 65536K, 100% used [0x000000076b500000,0x000000076f500000,0x000000076f500000)
  from space 10752K, 73% used [0x000000076ff80000,0x0000000770731988,0x0000000770a00000)
  to   space 10752K, 0% used [0x000000076f500000,0x000000076f500000,0x000000076ff80000)
 ParOldGen       total 100352K, used 7999K [0x00000006c1e00000, 0x00000006c8000000, 0x000000076b500000)
  object space 100352K, 7% used [0x00000006c1e00000,0x00000006c25cfc18,0x00000006c8000000)
 Metaspace       used 33218K, capacity 34754K, committed 35072K, reserved 1079296K
  class space    used 4226K, capacity 4535K, committed 4608K, reserved 1048576K
Event: 13.917 GC heap after
Heap after GC invocations=6 (full 1):
 PSYoungGen      total 76288K, used 10732K [0x000000076b500000, 0x0000000772d80000, 0x00000007c0000000)
  eden space 65536K, 0% used [0x000000076b500000,0x000000076b500000,0x000000076f500000)
  from space 10752K, 99% used [0x000000076f500000,0x000000076ff7b2c8,0x000000076ff80000)
  to   space 12800K, 0% used [0x0000000772100000,0x0000000772100000,0x0000000772d80000)
 ParOldGen       total 100352K, used 8045K [0x00000006c1e00000, 0x00000006c8000000, 0x000000076b500000)
  object space 100352K, 8% used [0x00000006c1e00000,0x00000006c25db408,0x00000006c8000000)
 Metaspace       used 33218K, capacity 34754K, committed 35072K, reserved 1079296K
  class space    used 4226K, capacity 4535K, committed 4608K, reserved 1048576K
}
Event: 14.083 GC heap before
{Heap before GC invocations=7 (full 1):
 PSYoungGen      total 76288K, used 19927K [0x000000076b500000, 0x0000000772d80000, 0x00000007c0000000)
  eden space 65536K, 14% used [0x000000076b500000,0x000000076bdfa980,0x000000076f500000)
  from space 10752K, 99% used [0x000000076f500000,0x000000076ff7b2c8,0x000000076ff80000)
  to   space 12800K, 0% used [0x0000000772100000,0x0000000772100000,0x0000000772d80000)
 ParOldGen       total 100352K, used 8045K [0x00000006c1e00000, 0x00000006c8000000, 0x000000076b500000)
  object space 100352K, 8% used [0x00000006c1e00000,0x00000006c25db408,0x00000006c8000000)
 Metaspace       used 33683K, capacity 35234K, committed 35416K, reserved 1079296K
  class space    used 4305K, capacity 4631K, committed 4696K, reserved 1048576K
Event: 14.094 GC heap after
Heap after GC invocations=7 (full 1):
 PSYoungGen      total 111104K, used 7377K [0x000000076b500000, 0x0000000773680000, 0x00000007c0000000)
  eden space 98304K, 0% used [0x000000076b500000,0x000000076b500000,0x0000000771500000)
  from space 12800K, 57% used [0x0000000772100000,0x0000000772834748,0x0000000772d80000)
  to   space 12288K, 0% used [0x0000000771500000,0x0000000771500000,0x0000000772100000)
 ParOldGen       total 100352K, used 8045K [0x00000006c1e00000, 0x00000006c8000000, 0x000000076b500000)
  object space 100352K, 8% used [0x00000006c1e00000,0x00000006c25db408,0x00000006c8000000)
 Metaspace       used 33683K, capacity 35234K, committed 35416K, reserved 1079296K
  class space    used 4305K, capacity 4631K, committed 4696K, reserved 1048576K
}
Event: 14.094 GC heap before
{Heap before GC invocations=8 (full 2):
 PSYoungGen      total 111104K, used 7377K [0x000000076b500000, 0x0000000773680000, 0x00000007c0000000)
  eden space 98304K, 0% used [0x000000076b500000,0x000000076b500000,0x0000000771500000)
  from space 12800K, 57% used [0x0000000772100000,0x0000000772834748,0x0000000772d80000)
  to   space 12288K, 0% used [0x0000000771500000,0x0000000771500000,0x0000000772100000)
 ParOldGen       total 100352K, used 8045K [0x00000006c1e00000, 0x00000006c8000000, 0x000000076b500000)
  object space 100352K, 8% used [0x00000006c1e00000,0x00000006c25db408,0x00000006c8000000)
 Metaspace       used 33683K, capacity 35234K, committed 35416K, reserved 1079296K
  class space    used 4305K, capacity 4631K, committed 4696K, reserved 1048576K
Event: 14.186 GC heap after
Heap after GC invocations=8 (full 2):
 PSYoungGen      total 111104K, used 0K [0x000000076b500000, 0x0000000773680000, 0x00000007c0000000)
  eden space 98304K, 0% used [0x000000076b500000,0x000000076b500000,0x0000000771500000)
  from space 12800K, 0% used [0x0000000772100000,0x0000000772100000,0x0000000772d80000)
  to   space 12288K, 0% used [0x0000000771500000,0x0000000771500000,0x0000000772100000)
 ParOldGen       total 100352K, used 12087K [0x00000006c1e00000, 0x00000006c8000000, 0x000000076b500000)
  object space 100352K, 12% used [0x00000006c1e00000,0x00000006c29cdfd8,0x00000006c8000000)
 Metaspace       used 33683K, capacity 35234K, committed 35416K, reserved 1079296K
  class space    used 4305K, capacity 4631K, committed 4696K, reserved 1048576K
}

