# JRE version: Java(TM) SE Runtime Environment (8.0_211-b12) (build 1.8.0_211-b12)
# Java VM: Java HotSpot(TM) 64-Bit Server VM (25.211-b12 mixed mode windows-amd64 compressed oops)
Heap:
 PSYoungGen      total 76288K, used 48157K [0x000000076b500000, 0x0000000770a00000, 0x00000007c0000000)
  eden space 65536K, 57% used [0x000000076b500000,0x000000076d98d6c8,0x000000076f500000)
  from space 10752K, 99% used [0x000000076ff80000,0x00000007709fa030,0x0000000770a00000)
  to   space 10752K, 0% used [0x000000076f500000,0x000000076f500000,0x000000076ff80000)
 ParOldGen       total 175104K, used 516K [0x00000006c1e00000, 0x00000006cc900000, 0x000000076b500000)
  object space 175104K, 0% used [0x00000006c1e00000,0x00000006c1e812a8,0x00000006cc900000)
 Metaspace       used 20253K, capacity 21008K, committed 21120K, reserved 1067008K
  class space    used 2494K, capacity 2682K, committed 2688K, reserved 1048576K
GC Heap History (4 events):
Event: 3.005 GC heap before
{Heap before GC invocations=1 (full 0):
 PSYoungGen      total 76288K, used 65536K [0x000000076b500000, 0x0000000770a00000, 0x00000007c0000000)
  eden space 65536K, 100% used [0x000000076b500000,0x000000076f500000,0x000000076f500000)
  from space 10752K, 0% used [0x000000076ff80000,0x000000076ff80000,0x0000000770a00000)
  to   space 10752K, 0% used [0x000000076f500000,0x000000076f500000,0x000000076ff80000)
 ParOldGen       total 175104K, used 0K [0x00000006c1e00000, 0x00000006cc900000, 0x000000076b500000)
  object space 175104K, 0% used [0x00000006c1e00000,0x00000006c1e00000,0x00000006cc900000)
 Metaspace       used 12234K, capacity 12682K, committed 12928K, reserved 1060864K
  class space    used 1502K, capacity 1608K, committed 1664K, reserved 1048576K
Event: 3.019 GC heap after
Heap after GC invocations=1 (full 0):
 PSYoungGen      total 76288K, used 7759K [0x000000076b500000, 0x0000000770a00000, 0x00000007c0000000)
  eden space 65536K, 0% used [0x000000076b500000,0x000000076b500000,0x000000076f500000)
  from space 10752K, 72% used [0x000000076f500000,0x000000076fc93ff0,0x000000076ff80000)
  to   space 10752K, 0% used [0x000000076ff80000,0x000000076ff80000,0x0000000770a00000)
 ParOldGen       total 175104K, used 16K [0x00000006c1e00000, 0x00000006cc900000, 0x000000076b500000)
  object space 175104K, 0% used [0x00000006c1e00000,0x00000006c1e04000,0x00000006cc900000)
 Metaspace       used 12234K, capacity 12682K, committed 12928K, reserved 1060864K
  class space    used 1502K, capacity 1608K, committed 1664K, reserved 1048576K
}
Event: 5.574 GC heap before
{Heap before GC invocations=2 (full 0):
 PSYoungGen      total 76288K, used 73295K [0x000000076b500000, 0x0000000770a00000, 0x00000007c0000000)
  eden space 65536K, 100% used [0x000000076b500000,0x000000076f500000,0x000000076f500000)
  from space 10752K, 72% used [0x000000076f500000,0x000000076fc93ff0,0x000000076ff80000)
  to   space 10752K, 0% used [0x000000076ff80000,0x000000076ff80000,0x0000000770a00000)
 ParOldGen       total 175104K, used 16K [0x00000006c1e00000, 0x00000006cc900000, 0x000000076b500000)
  object space 175104K, 0% used [0x00000006c1e00000,0x00000006c1e04000,0x00000006cc900000)
 Metaspace       used 19681K, capacity 20468K, committed 20608K, reserved 1067008K
  class space    used 2425K, capacity 2622K, committed 2688K, reserved 1048576K
Event: 5.590 GC heap after
Heap after GC invocations=2 (full 0):
 PSYoungGen      total 76288K, used 10728K [0x000000076b500000, 0x0000000770a00000, 0x00000007c0000000)
  eden space 65536K, 0% used [0x000000076b500000,0x000000076b500000,0x000000076f500000)
  from space 10752K, 99% used [0x000000076ff80000,0x00000007709fa030,0x0000000770a00000)
  to   space 10752K, 0% used [0x000000076f500000,0x000000076f500000,0x000000076ff80000)
 ParOldGen       total 175104K, used 516K [0x00000006c1e00000, 0x00000006cc900000, 0x000000076b500000)
  object space 175104K, 0% used [0x00000006c1e00000,0x00000006c1e812a8,0x00000006cc900000)
 Metaspace       used 19681K, capacity 20468K, committed 20608K, reserved 1067008K
  class space    used 2425K, capacity 2622K, committed 2688K, reserved 1048576K
}

